2023-10-22T13:22:52+00:00 CRITICAL Uncaught TypeError: call_user_func(): Argument #1 ($callback) must be a valid callback, function "online_pharmacy_customize_partial_online_pharmacy_footer_text" not found or invalid function name in C:\Users\hp\Local Sites\aastha-pharamceuticals\app\public\wp-includes\customize\class-wp-customize-partial.php:222
Stack trace:
#0 C:\Users\hp\Local Sites\aastha-pharamceuticals\app\public\wp-includes\customize\class-wp-customize-selective-refresh.php(372): WP_Customize_Partial->render(Array)
#1 C:\Users\hp\Local Sites\aastha-pharamceuticals\app\public\wp-includes\class-wp-hook.php(310): WP_Customize_Selective_Refresh->handle_render_partials_request('')
#2 C:\Users\hp\Local Sites\aastha-pharamceuticals\app\public\wp-includes\class-wp-hook.php(334): WP_Hook->apply_filters(NULL, Array)
#3 C:\Users\hp\Local Sites\aastha-pharamceuticals\app\public\wp-includes\plugin.php(517): WP_Hook->do_action(Array)
#4 C:\Users\hp\Local Sites\aastha-pharamceuticals\app\public\wp-includes\template-loader.php(13): do_action('template_redire...')
#5 C:\Users\hp\Local Sites\aastha-pharamceuticals\app\public\wp-blog-header.php(19): require_once('C:\\Users\\hp\\Loc...')
#6 C:\Users\hp\Local Sites\aastha-pharamceuticals\app\public\index.php(17): require('C:\\Users\\hp\\Loc...')
#7 {main}
  thrown in C:\Users\hp\Local Sites\aastha-pharamceuticals\app\public\wp-includes\customize\class-wp-customize-partial.php on line 222

2023-10-22T13:24:16+00:00 CRITICAL Uncaught TypeError: call_user_func(): Argument #1 ($callback) must be a valid callback, function "online_pharmacy_customize_partial_online_pharmacy_footer_text" not found or invalid function name in C:\Users\hp\Local Sites\aastha-pharamceuticals\app\public\wp-includes\customize\class-wp-customize-partial.php:222
Stack trace:
#0 C:\Users\hp\Local Sites\aastha-pharamceuticals\app\public\wp-includes\customize\class-wp-customize-selective-refresh.php(372): WP_Customize_Partial->render(Array)
#1 C:\Users\hp\Local Sites\aastha-pharamceuticals\app\public\wp-includes\class-wp-hook.php(310): WP_Customize_Selective_Refresh->handle_render_partials_request('')
#2 C:\Users\hp\Local Sites\aastha-pharamceuticals\app\public\wp-includes\class-wp-hook.php(334): WP_Hook->apply_filters(NULL, Array)
#3 C:\Users\hp\Local Sites\aastha-pharamceuticals\app\public\wp-includes\plugin.php(517): WP_Hook->do_action(Array)
#4 C:\Users\hp\Local Sites\aastha-pharamceuticals\app\public\wp-includes\template-loader.php(13): do_action('template_redire...')
#5 C:\Users\hp\Local Sites\aastha-pharamceuticals\app\public\wp-blog-header.php(19): require_once('C:\\Users\\hp\\Loc...')
#6 C:\Users\hp\Local Sites\aastha-pharamceuticals\app\public\index.php(17): require('C:\\Users\\hp\\Loc...')
#7 {main}
  thrown in C:\Users\hp\Local Sites\aastha-pharamceuticals\app\public\wp-includes\customize\class-wp-customize-partial.php on line 222

2023-10-22T13:24:18+00:00 CRITICAL Uncaught TypeError: call_user_func(): Argument #1 ($callback) must be a valid callback, function "online_pharmacy_customize_partial_online_pharmacy_footer_text" not found or invalid function name in C:\Users\hp\Local Sites\aastha-pharamceuticals\app\public\wp-includes\customize\class-wp-customize-partial.php:222
Stack trace:
#0 C:\Users\hp\Local Sites\aastha-pharamceuticals\app\public\wp-includes\customize\class-wp-customize-selective-refresh.php(372): WP_Customize_Partial->render(Array)
#1 C:\Users\hp\Local Sites\aastha-pharamceuticals\app\public\wp-includes\class-wp-hook.php(310): WP_Customize_Selective_Refresh->handle_render_partials_request('')
#2 C:\Users\hp\Local Sites\aastha-pharamceuticals\app\public\wp-includes\class-wp-hook.php(334): WP_Hook->apply_filters(NULL, Array)
#3 C:\Users\hp\Local Sites\aastha-pharamceuticals\app\public\wp-includes\plugin.php(517): WP_Hook->do_action(Array)
#4 C:\Users\hp\Local Sites\aastha-pharamceuticals\app\public\wp-includes\template-loader.php(13): do_action('template_redire...')
#5 C:\Users\hp\Local Sites\aastha-pharamceuticals\app\public\wp-blog-header.php(19): require_once('C:\\Users\\hp\\Loc...')
#6 C:\Users\hp\Local Sites\aastha-pharamceuticals\app\public\index.php(17): require('C:\\Users\\hp\\Loc...')
#7 {main}
  thrown in C:\Users\hp\Local Sites\aastha-pharamceuticals\app\public\wp-includes\customize\class-wp-customize-partial.php on line 222

2023-10-22T13:24:20+00:00 CRITICAL Uncaught TypeError: call_user_func(): Argument #1 ($callback) must be a valid callback, function "online_pharmacy_customize_partial_online_pharmacy_footer_text" not found or invalid function name in C:\Users\hp\Local Sites\aastha-pharamceuticals\app\public\wp-includes\customize\class-wp-customize-partial.php:222
Stack trace:
#0 C:\Users\hp\Local Sites\aastha-pharamceuticals\app\public\wp-includes\customize\class-wp-customize-selective-refresh.php(372): WP_Customize_Partial->render(Array)
#1 C:\Users\hp\Local Sites\aastha-pharamceuticals\app\public\wp-includes\class-wp-hook.php(310): WP_Customize_Selective_Refresh->handle_render_partials_request('')
#2 C:\Users\hp\Local Sites\aastha-pharamceuticals\app\public\wp-includes\class-wp-hook.php(334): WP_Hook->apply_filters(NULL, Array)
#3 C:\Users\hp\Local Sites\aastha-pharamceuticals\app\public\wp-includes\plugin.php(517): WP_Hook->do_action(Array)
#4 C:\Users\hp\Local Sites\aastha-pharamceuticals\app\public\wp-includes\template-loader.php(13): do_action('template_redire...')
#5 C:\Users\hp\Local Sites\aastha-pharamceuticals\app\public\wp-blog-header.php(19): require_once('C:\\Users\\hp\\Loc...')
#6 C:\Users\hp\Local Sites\aastha-pharamceuticals\app\public\index.php(17): require('C:\\Users\\hp\\Loc...')
#7 {main}
  thrown in C:\Users\hp\Local Sites\aastha-pharamceuticals\app\public\wp-includes\customize\class-wp-customize-partial.php on line 222

2023-10-22T13:24:20+00:00 CRITICAL Uncaught TypeError: call_user_func(): Argument #1 ($callback) must be a valid callback, function "online_pharmacy_customize_partial_online_pharmacy_footer_text" not found or invalid function name in C:\Users\hp\Local Sites\aastha-pharamceuticals\app\public\wp-includes\customize\class-wp-customize-partial.php:222
Stack trace:
#0 C:\Users\hp\Local Sites\aastha-pharamceuticals\app\public\wp-includes\customize\class-wp-customize-selective-refresh.php(372): WP_Customize_Partial->render(Array)
#1 C:\Users\hp\Local Sites\aastha-pharamceuticals\app\public\wp-includes\class-wp-hook.php(310): WP_Customize_Selective_Refresh->handle_render_partials_request('')
#2 C:\Users\hp\Local Sites\aastha-pharamceuticals\app\public\wp-includes\class-wp-hook.php(334): WP_Hook->apply_filters(NULL, Array)
#3 C:\Users\hp\Local Sites\aastha-pharamceuticals\app\public\wp-includes\plugin.php(517): WP_Hook->do_action(Array)
#4 C:\Users\hp\Local Sites\aastha-pharamceuticals\app\public\wp-includes\template-loader.php(13): do_action('template_redire...')
#5 C:\Users\hp\Local Sites\aastha-pharamceuticals\app\public\wp-blog-header.php(19): require_once('C:\\Users\\hp\\Loc...')
#6 C:\Users\hp\Local Sites\aastha-pharamceuticals\app\public\index.php(17): require('C:\\Users\\hp\\Loc...')
#7 {main}
  thrown in C:\Users\hp\Local Sites\aastha-pharamceuticals\app\public\wp-includes\customize\class-wp-customize-partial.php on line 222

2023-10-22T13:25:01+00:00 CRITICAL Uncaught TypeError: call_user_func(): Argument #1 ($callback) must be a valid callback, function "online_pharmacy_customize_partial_online_pharmacy_remove_comments" not found or invalid function name in C:\Users\hp\Local Sites\aastha-pharamceuticals\app\public\wp-includes\customize\class-wp-customize-partial.php:222
Stack trace:
#0 C:\Users\hp\Local Sites\aastha-pharamceuticals\app\public\wp-includes\customize\class-wp-customize-selective-refresh.php(372): WP_Customize_Partial->render(Array)
#1 C:\Users\hp\Local Sites\aastha-pharamceuticals\app\public\wp-includes\class-wp-hook.php(310): WP_Customize_Selective_Refresh->handle_render_partials_request('')
#2 C:\Users\hp\Local Sites\aastha-pharamceuticals\app\public\wp-includes\class-wp-hook.php(334): WP_Hook->apply_filters(NULL, Array)
#3 C:\Users\hp\Local Sites\aastha-pharamceuticals\app\public\wp-includes\plugin.php(517): WP_Hook->do_action(Array)
#4 C:\Users\hp\Local Sites\aastha-pharamceuticals\app\public\wp-includes\template-loader.php(13): do_action('template_redire...')
#5 C:\Users\hp\Local Sites\aastha-pharamceuticals\app\public\wp-blog-header.php(19): require_once('C:\\Users\\hp\\Loc...')
#6 C:\Users\hp\Local Sites\aastha-pharamceuticals\app\public\index.php(17): require('C:\\Users\\hp\\Loc...')
#7 {main}
  thrown in C:\Users\hp\Local Sites\aastha-pharamceuticals\app\public\wp-includes\customize\class-wp-customize-partial.php on line 222

2023-10-22T13:25:02+00:00 CRITICAL Uncaught TypeError: call_user_func(): Argument #1 ($callback) must be a valid callback, function "online_pharmacy_customize_partial_online_pharmacy_remove_read_button" not found or invalid function name in C:\Users\hp\Local Sites\aastha-pharamceuticals\app\public\wp-includes\customize\class-wp-customize-partial.php:222
Stack trace:
#0 C:\Users\hp\Local Sites\aastha-pharamceuticals\app\public\wp-includes\customize\class-wp-customize-selective-refresh.php(372): WP_Customize_Partial->render(Array)
#1 C:\Users\hp\Local Sites\aastha-pharamceuticals\app\public\wp-includes\class-wp-hook.php(310): WP_Customize_Selective_Refresh->handle_render_partials_request('')
#2 C:\Users\hp\Local Sites\aastha-pharamceuticals\app\public\wp-includes\class-wp-hook.php(334): WP_Hook->apply_filters(NULL, Array)
#3 C:\Users\hp\Local Sites\aastha-pharamceuticals\app\public\wp-includes\plugin.php(517): WP_Hook->do_action(Array)
#4 C:\Users\hp\Local Sites\aastha-pharamceuticals\app\public\wp-includes\template-loader.php(13): do_action('template_redire...')
#5 C:\Users\hp\Local Sites\aastha-pharamceuticals\app\public\wp-blog-header.php(19): require_once('C:\\Users\\hp\\Loc...')
#6 C:\Users\hp\Local Sites\aastha-pharamceuticals\app\public\index.php(17): require('C:\\Users\\hp\\Loc...')
#7 {main}
  thrown in C:\Users\hp\Local Sites\aastha-pharamceuticals\app\public\wp-includes\customize\class-wp-customize-partial.php on line 222

