2023-09-29T06:44:09+00:00 ERROR Key Id and Key Secret are required.
2023-09-29T06:44:09+00:00 INFO Trying to create one_cc_address_sync_cron
2023-09-29T06:44:09+00:00 INFO Failed to create one_cc_address_sync_cron as invalid one cc merchant
2023-09-29T06:44:09+00:00 INFO Attempting to delete one_cc_address_sync_cron, status: cancelled, message: invalid_1cc_merchant
2023-09-29T06:44:09+00:00 INFO Deleted one_cc_address_sync_cron  if exists
2023-09-29T06:44:09+00:00 INFO updateAddressSyncCronData: status=cancelled, message=invalid_1cc_merchant, cronStatus=deleted
2023-09-29T06:44:09+00:00 INFO updateAddressSyncCronData:530 - Updating option: ONE_CC_ADDRESS_SYNC_CRON_HOOK
2023-09-29T06:44:09+00:00 INFO updateAddressSyncCronData:532 -  Successfully Updated Option: ONE_CC_ADDRESS_SYNC_CRON_HOOK
2023-09-29T06:44:09+00:00 INFO create one_cc_plugin_sync_cron successful
2023-09-29T06:44:10+00:00 ERROR Authentication failed
2023-09-29T06:44:19+00:00 ERROR Authentication failed
2023-09-29T06:45:26+00:00 ERROR Authentication failed
2023-09-29T06:45:36+00:00 ERROR Authentication failed
2023-09-29T06:46:18+00:00 ERROR Authentication failed
2023-09-29T06:46:45+00:00 ERROR Authentication failed
2023-09-29T06:47:29+00:00 ERROR Authentication failed
2023-09-29T06:47:33+00:00 ERROR Authentication failed
2023-09-29T06:47:46+00:00 ERROR Authentication failed
2023-09-29T06:47:57+00:00 ERROR Authentication failed
2023-09-29T06:48:08+00:00 ERROR Authentication failed
2023-09-29T06:48:25+00:00 ERROR Authentication failed
2023-09-29T06:48:27+00:00 ERROR Authentication failed
2023-09-29T06:48:35+00:00 ERROR Authentication failed
2023-09-29T06:48:44+00:00 ERROR Authentication failed
2023-09-29T06:49:15+00:00 ERROR Authentication failed
2023-09-29T06:49:21+00:00 ERROR Authentication failed
2023-09-29T06:51:46+00:00 ERROR Authentication failed
2023-09-29T06:52:01+00:00 ERROR Authentication failed
2023-09-29T06:54:43+00:00 ERROR Authentication failed
2023-09-29T06:54:57+00:00 ERROR Authentication failed
2023-09-29T06:56:06+00:00 ERROR Authentication failed
2023-09-29T06:56:19+00:00 ERROR Authentication failed
2023-09-29T06:56:34+00:00 ERROR Authentication failed
2023-09-29T06:58:07+00:00 INFO Trying to create one_cc_address_sync_cron
2023-09-29T06:58:07+00:00 INFO Failed to create one_cc_address_sync_cron as invalid one cc merchant
2023-09-29T06:58:07+00:00 INFO Attempting to delete one_cc_address_sync_cron, status: cancelled, message: invalid_1cc_merchant
2023-09-29T06:58:07+00:00 INFO Deleted one_cc_address_sync_cron  if exists
2023-09-29T06:58:07+00:00 INFO updateAddressSyncCronData: status=cancelled, message=invalid_1cc_merchant, cronStatus=deleted
2023-09-29T06:58:07+00:00 INFO create one_cc_plugin_sync_cron successful
2023-09-29T06:58:19+00:00 ERROR Authentication failed
2023-09-29T06:58:28+00:00 ERROR Authentication failed
2023-09-29T06:58:33+00:00 ERROR Authentication failed
2023-09-29T06:58:37+00:00 ERROR Authentication failed
2023-09-29T06:58:42+00:00 ERROR Authentication failed
2023-09-29T06:58:45+00:00 ERROR Authentication failed
2023-09-29T06:58:55+00:00 ERROR Authentication failed
2023-09-29T06:58:59+00:00 ERROR Authentication failed
2023-09-29T06:59:15+00:00 ERROR Authentication failed
2023-09-29T07:00:33+00:00 ERROR Authentication failed
2023-09-29T07:00:36+00:00 ERROR Authentication failed
2023-09-29T07:00:45+00:00 ERROR Authentication failed
2023-09-29T07:01:03+00:00 ERROR Authentication failed
2023-09-29T07:01:05+00:00 ERROR Authentication failed
2023-09-29T07:01:10+00:00 ERROR Authentication failed
2023-09-29T07:01:14+00:00 ERROR Authentication failed
2023-09-29T07:02:10+00:00 ERROR Authentication failed
2023-09-29T07:02:14+00:00 ERROR Authentication failed
2023-09-29T07:02:31+00:00 ERROR Authentication failed
2023-09-29T07:02:33+00:00 ERROR Authentication failed
2023-09-29T07:02:43+00:00 ERROR Authentication failed
2023-09-29T07:03:22+00:00 ERROR Authentication failed
2023-09-29T07:03:23+00:00 ERROR Authentication failed
2023-09-29T07:03:29+00:00 ERROR Authentication failed
2023-09-29T07:03:31+00:00 ERROR Authentication failed
2023-09-29T07:03:41+00:00 ERROR Authentication failed
2023-09-29T07:03:57+00:00 ERROR Authentication failed
2023-09-29T07:04:00+00:00 ERROR Authentication failed
2023-09-29T07:04:23+00:00 ERROR Authentication failed
2023-09-29T07:04:51+00:00 ERROR Authentication failed
2023-09-29T07:05:53+00:00 ERROR Authentication failed
2023-09-29T07:07:55+00:00 ERROR Authentication failed
2023-09-29T07:08:04+00:00 ERROR Authentication failed
2023-09-29T07:08:11+00:00 ERROR Authentication failed
2023-09-29T07:08:30+00:00 ERROR Authentication failed
2023-09-29T07:08:46+00:00 ERROR Authentication failed
2023-09-29T07:08:49+00:00 ERROR Authentication failed
2023-09-29T07:09:05+00:00 ERROR Authentication failed
2023-09-29T07:09:09+00:00 ERROR Authentication failed
2023-09-29T07:09:13+00:00 ERROR Authentication failed
2023-09-29T07:09:42+00:00 ERROR Authentication failed
2023-09-29T07:10:07+00:00 ERROR Authentication failed
2023-09-29T07:10:09+00:00 ERROR Authentication failed
2023-09-29T07:10:10+00:00 ERROR Authentication failed
2023-09-29T07:10:28+00:00 ERROR Authentication failed
2023-09-29T07:10:31+00:00 ERROR Authentication failed
2023-09-29T07:10:37+00:00 ERROR Authentication failed
2023-09-29T07:10:39+00:00 ERROR Authentication failed
2023-09-29T07:11:15+00:00 ERROR Authentication failed
2023-09-29T07:11:38+00:00 ERROR Authentication failed
2023-09-29T07:11:44+00:00 ERROR Authentication failed
2023-09-29T07:11:48+00:00 ERROR Authentication failed
2023-09-29T07:11:56+00:00 ERROR Authentication failed
2023-09-29T07:14:05+00:00 ERROR Authentication failed
2023-09-29T07:14:19+00:00 ERROR Authentication failed
2023-09-29T07:14:22+00:00 ERROR Authentication failed
2023-09-29T07:14:34+00:00 ERROR Authentication failed
2023-09-29T07:14:41+00:00 ERROR Authentication failed
2023-09-29T07:14:45+00:00 ERROR Authentication failed
2023-09-29T07:14:46+00:00 ERROR Authentication failed
2023-09-29T07:15:02+00:00 ERROR Authentication failed
2023-09-29T07:15:05+00:00 ERROR Authentication failed
2023-09-29T07:15:11+00:00 ERROR Authentication failed
2023-09-29T07:16:04+00:00 ERROR Authentication failed
2023-09-29T07:16:10+00:00 ERROR Authentication failed
2023-09-29T07:16:23+00:00 ERROR Authentication failed
2023-09-29T07:16:30+00:00 ERROR Authentication failed
2023-09-29T07:16:32+00:00 ERROR Authentication failed
2023-09-29T07:17:08+00:00 ERROR Authentication failed
2023-09-29T07:17:13+00:00 INFO Attempting to delete one_cc_address_sync_cron, status: deactivated, message: 
2023-09-29T07:17:13+00:00 INFO Deleted one_cc_address_sync_cron  if exists
2023-09-29T07:17:13+00:00 INFO updateAddressSyncCronData: status=deactivated, message=, cronStatus=deleted
2023-09-29T07:17:13+00:00 INFO updateAddressSyncCronData:530 - Updating option: ONE_CC_ADDRESS_SYNC_CRON_HOOK
2023-09-29T07:17:13+00:00 INFO updateAddressSyncCronData:532 -  Successfully Updated Option: ONE_CC_ADDRESS_SYNC_CRON_HOOK
